src/app/admin/reconciliation/page.tsx(88,18): error TS2741: Property 'allowedStages' is missing in type '{ lead: any; isOpen: boolean; onClose: () => void; onSuccess: () => void; }' but required in type 'TransitionModalProps'.
src/app/api/bookings/[id]/reschedule/route.ts(38,43): error TS2367: This comparison appears to be unintentional because the types '"pending" | "rescheduled" | "cancelled" | "completed" | "no_show" | "in_progress"' and '"booked"' have no overlap.
src/app/api/bookings/[id]/reschedule/route.ts(130,13): error TS2322: Type '"visit_time_updated"' is not assignable to type 'TimelineEventType'.
src/app/api/calendar/sla/route.ts(22,50): error TS2367: This comparison appears to be unintentional because the types '"New" | "AI_Calling" | "Visit_Booked" | "Visit_Completed" | "Negotiation" | "Booking_Done" | "Disqualified"' and '"Visit Booked"' have no overlap.
src/app/api/campaigns/execute/route.ts(45,25): error TS2820: Type '"Scheduled"' is not assignable to type 'VisitStatus'. Did you mean '"rescheduled"'?
src/app/api/campaigns/execute/route.ts(59,25): error TS2322: Type '"completed"' is not assignable to type 'AICallStatus'.
src/app/api/dashboard/stats/route.ts(11,62): error TS2339: Property 'price' does not exist on type 'Space'.
src/app/api/dashboard/stats/route.ts(12,76): error TS2339: Property 'daysOnMarket' does not exist on type 'Space'.
src/app/api/leads/[id]/bookings/route.ts(33,13): error TS2353: Object literal may only specify known properties, and 'scheduledAt' does not exist in type 'Booking'.
src/app/api/leads/batch-call/route.ts(98,25): error TS2322: Type 'string' is not assignable to type 'string[]'.
src/app/api/leads/import/route.ts(77,17): error TS2353: Object literal may only specify known properties, and 'tags' does not exist in type 'Lead'.
src/app/api/properties/route.ts(61,56): error TS2345: Argument of type '{ propertyId: string; name: string; floors: number; totalUnits: number; availableUnits: number; status: BuildingStatus.PLANNING | BuildingStatus.STRUCTURE | BuildingStatus.READY; }' is not assignable to parameter of type 'Omit<Tower, "id" | "createdAt" | "updatedAt">'.
  Property 'totalFloors' is missing in type '{ propertyId: string; name: string; floors: number; totalUnits: number; availableUnits: number; status: BuildingStatus.PLANNING | BuildingStatus.STRUCTURE | BuildingStatus.READY; }' but required in type 'Omit<Tower, "id" | "createdAt" | "updatedAt">'.
src/app/api/renders/request/route.ts(22,15): error TS2739: Type '{ id: string; propertyId: any; unitId: any; requestedBy: string; requestedByName: any; renderType: any; description: any; specifications: any; status: "REQUESTED"; requestedAt: string; priority: "MEDIUM"; renders: undefined[]; createdAt: string; updatedAt: string; }' is missing the following properties from type 'RenderRequest': renderTypes, contactPerson, contactPhone, contactEmail, referenceMedia
src/app/api/reports/metrics/route.ts(17,62): error TS2339: Property 'date' does not exist on type 'Booking'.
src/app/api/seed/route.ts(159,21): error TS2322: Type 'string' is not assignable to type 'string[]'.
src/app/api/units/[id]/reserve/route.ts(29,34): error TS2339: Property 'reserve' does not exist on type '{ getAll(): Promise<Space[]>; getById(id: string): Promise<Space>; getByProperty(propertyId: string, sectionType?: string): Promise<Space[]>; ... 7 more ...; releaseReservation(unitId: string): Promise<...>; }'.
src/app/api/units/[id]/reserve/route.ts(76,18): error TS2339: Property 'reservation' does not exist on type 'Promise<Space>'.
src/app/api/units/[id]/reserve/route.ts(78,30): error TS2339: Property 'reservation' does not exist on type 'Promise<Space>'.
src/app/api/units/[id]/reserve/route.ts(80,39): error TS2339: Property 'unitNumber' does not exist on type 'Promise<Space>'.
src/app/api/units/[id]/reserve/route.ts(82,41): error TS2339: Property 'id' does not exist on type 'Promise<Space>'.
src/app/api/webhooks/lead/route.ts(34,31): error TS2345: Argument of type '{ id: string; firstName: any; lastName: any; email: any; phone: any; budgetMin: any; budgetMax: any; timelineToBuy: any; status: string; tags: any; createdAt: string; lastContactedAt: any; assignedTo: any; }' is not assignable to parameter of type 'Lead'.
  Type '{ id: string; firstName: any; lastName: any; email: any; phone: any; budgetMin: any; budgetMax: any; timelineToBuy: any; status: string; tags: any; createdAt: string; lastContactedAt: any; assignedTo: any; }' is missing the following properties from type 'Lead': updatedAt, createdVia, name, primaryPhone, currentStage
src/lib/firebase-property-db.ts(462,16): error TS2339: Property 'renderRequests' does not exist on type '{ properties?: Property[]; towers?: Tower[]; units?: Space[]; documents?: PropertyDocument[]; unitReservations?: UnitReservation[]; }'.
src/lib/firebase-property-db.ts(463,32): error TS2339: Property 'renderRequests' does not exist on type '{ properties?: Property[]; towers?: Tower[]; units?: Space[]; documents?: PropertyDocument[]; unitReservations?: UnitReservation[]; }'.
src/lib/seed-database.ts(22,13): error TS2353: Object literal may only specify known properties, and 'renderRequests' does not exist in type '{ properties?: Property[]; towers?: Tower[]; units?: Space[]; documents?: PropertyDocument[]; unitReservations?: UnitReservation[]; }'.
src/lib/seed-enhancements.ts(102,13): error TS2353: Object literal may only specify known properties, and 'customRequirements' does not exist in type '{ viewAngle?: string; timeOfDay?: string; weather?: string; }'.
src/lib/seed-enhancements.ts(140,13): error TS2353: Object literal may only specify known properties, and 'customRequirements' does not exist in type '{ viewAngle?: string; timeOfDay?: string; weather?: string; }'.
src/lib/seed-enhancements.ts(162,13): error TS2353: Object literal may only specify known properties, and 'customRequirements' does not exist in type '{ viewAngle?: string; timeOfDay?: string; weather?: string; }'.
src/lib/seed-enhancements.ts(182,13): error TS2353: Object literal may only specify known properties, and 'customRequirements' does not exist in type '{ viewAngle?: string; timeOfDay?: string; weather?: string; }'.
src/lib/seed-properties.ts(145,5): error TS2741: Property 'totalFloors' is missing in type '{ id: string; propertyId: string; name: string; floors: number; totalSpaces: number; availableSpaces: number; totalUnits: number; availableUnits: number; status: BuildingStatus.READY; specifications: { ...; }; createdAt: string; updatedAt: string; }' but required in type 'Tower'.
src/lib/seed-properties.ts(163,5): error TS2741: Property 'totalFloors' is missing in type '{ id: string; propertyId: string; name: string; floors: number; totalUnits: number; availableUnits: number; status: BuildingStatus.READY; createdAt: string; updatedAt: string; }' but required in type 'Tower'.
src/lib/seed-properties.ts(174,5): error TS2741: Property 'totalFloors' is missing in type '{ id: string; propertyId: string; name: string; floors: number; totalUnits: number; availableUnits: number; status: BuildingStatus.FINISHING; createdAt: string; updatedAt: string; }' but required in type 'Tower'.
src/lib/seed-properties.ts(185,5): error TS2741: Property 'totalFloors' is missing in type '{ id: string; propertyId: string; name: string; floors: number; totalUnits: number; availableUnits: number; status: BuildingStatus.STRUCTURE; createdAt: string; updatedAt: string; }' but required in type 'Tower'.
src/lib/seed-properties.ts(196,5): error TS2741: Property 'totalFloors' is missing in type '{ id: string; propertyId: string; name: string; floors: number; totalUnits: number; availableUnits: number; status: BuildingStatus.STRUCTURE; createdAt: string; updatedAt: string; }' but required in type 'Tower'.
src/lib/services/localPropertyService.ts(121,21): error TS2339: Property 'renders' does not exist on type '{ updatedAt: string; towers?: any[]; id: string; name: string; code: string; status: ProjectStatus; constructionStatus?: ConstructionStatus; projectType: "RESIDENTIAL" | ... 1 more ... | "MIXED_USE"; ... 35 more ...; thumbnailUrl?: string; }'.
src/lib/services/localPropertyService.ts(125,21): error TS2339: Property 'renderRequests' does not exist on type '{ updatedAt: string; towers?: any[]; id: string; name: string; code: string; status: ProjectStatus; constructionStatus?: ConstructionStatus; projectType: "RESIDENTIAL" | ... 1 more ... | "MIXED_USE"; ... 35 more ...; thumbnailUrl?: string; }'.
